<?xml version="1.0" encoding="UTF-8"?>
<!-- Generated by org.testng.reporters.JUnitReportReporter -->
<testsuite hostname="SKILLT003" failures="0" tests="1" name="dataDriven.excelDataProvider.excelsheet" time="0.470" errors="0" timestamp="2023-10-04T14:00:34 IST" skipped="0">
  <testcase classname="dataDriven.excelDataProvider.excelsheet" name="getExcel" time="0.470"/>
</testsuite> <!-- dataDriven.excelDataProvider.excelsheet -->
